[debug] [2020-03-13T16:22:11.645Z] ----------------------------------------------------------------------
[debug] [2020-03-13T16:22:11.648Z] Command:       C:\Program Files\nodejs\node.exe C:\Users\reir8p\AppData\Roaming\npm\node_modules\firebase-tools\lib\bin\firebase.js init
[debug] [2020-03-13T16:22:11.649Z] CLI Version:   7.14.0
[debug] [2020-03-13T16:22:11.649Z] Platform:      win32
[debug] [2020-03-13T16:22:11.649Z] Node Version:  v12.16.1
[debug] [2020-03-13T16:22:11.650Z] Time:          Fri Mar 13 2020 12:22:11 GMT-0400 (Eastern Daylight Time)
[debug] [2020-03-13T16:22:11.650Z] ----------------------------------------------------------------------
[debug] [2020-03-13T16:22:11.650Z] 
[debug] [2020-03-13T16:22:11.689Z] > command requires scopes: ["email","openid","https://www.googleapis.com/auth/cloudplatformprojects.readonly","https://www.googleapis.com/auth/firebase","https://www.googleapis.com/auth/cloud-platform"]
[debug] [2020-03-13T16:22:11.690Z] > authorizing via signed-in user
[info] 
     ######## #### ########  ######## ########     ###     ######  ########
     ##        ##  ##     ## ##       ##     ##  ##   ##  ##       ##
     ######    ##  ########  ######   ########  #########  ######  ######
     ##        ##  ##    ##  ##       ##     ## ##     ##       ## ##
     ##       #### ##     ## ######## ########  ##     ##  ######  ########

You're about to initialize a Firebase project in this directory:

  C:\Users\reir8p\code\obtools-pwa

Before we get started, keep in mind:

  * You are initializing in an existing Firebase project directory

